<?xml version="1.0" encoding="UTF-8"?>
<testsuite name="binarySearchTree.BinaryTreeTest" tests="5" skipped="0" failures="0" errors="0" timestamp="2022-03-27T10:18:37" hostname="TUF" time="0.02">
  <properties/>
  <testcase name="testFunctions2()" classname="binarySearchTree.BinaryTreeTest" time="0.017"/>
  <testcase name="testFunctions3()" classname="binarySearchTree.BinaryTreeTest" time="0.001"/>
  <testcase name="testDoubleKey()" classname="binarySearchTree.BinaryTreeTest" time="0.001"/>
  <testcase name="testFunctions()" classname="binarySearchTree.BinaryTreeTest" time="0.001"/>
  <testcase name="testEquals()" classname="binarySearchTree.BinaryTreeTest" time="0.0"/>
  <system-out><![CDATA[]]></system-out>
  <system-err><![CDATA[]]></system-err>
</testsuite>
