<?xml version="1.0" encoding="UTF-8"?>
<testsuite name="binarySearchTree.BinaryTreeTest" tests="1" skipped="0" failures="0" errors="0" timestamp="2022-03-10T15:08:57" hostname="TUF" time="0.013">
  <properties/>
  <testcase name="testDoubleKey()" classname="binarySearchTree.BinaryTreeTest" time="0.013"/>
  <system-out><![CDATA[]]></system-out>
  <system-err><![CDATA[]]></system-err>
</testsuite>
