<?xml version="1.0" encoding="UTF-8"?>
<testsuite name="binarySearchTree.BinaryTreeTest" tests="1" skipped="0" failures="0" errors="0" timestamp="2022-03-10T12:34:26" hostname="TUF" time="0.012">
  <properties/>
  <testcase name="testNeighbours()" classname="binarySearchTree.BinaryTreeTest" time="0.012"/>
  <system-out><![CDATA[]]></system-out>
  <system-err><![CDATA[]]></system-err>
</testsuite>
