<?xml version="1.0" encoding="UTF-8"?>
<testsuite name="binarySearchTree.BinaryTreeTest" tests="3" skipped="0" failures="0" errors="0" timestamp="2022-03-10T15:16:37" hostname="TUF" time="0.016">
  <properties/>
  <testcase name="testFunctions2()" classname="binarySearchTree.BinaryTreeTest" time="0.013"/>
  <testcase name="testDoubleKey()" classname="binarySearchTree.BinaryTreeTest" time="0.0"/>
  <testcase name="testFunctions()" classname="binarySearchTree.BinaryTreeTest" time="0.001"/>
  <system-out><![CDATA[]]></system-out>
  <system-err><![CDATA[]]></system-err>
</testsuite>
