<?xml version="1.0" encoding="UTF-8"?>
<testsuite name="binarySearchTree.BinaryTreeTest" tests="1" skipped="0" failures="0" errors="0" timestamp="2022-03-10T13:35:22" hostname="TUF" time="0.015">
  <properties/>
  <testcase name="testFunctions()" classname="binarySearchTree.BinaryTreeTest" time="0.015"/>
  <system-out><![CDATA[]]></system-out>
  <system-err><![CDATA[]]></system-err>
</testsuite>
